<?xml version="1.0" encoding="UTF-8"?>
<testsuite xmlns:xsi="http://www.w3.org/2001/XMLSchema-instance" xsi:noNamespaceSchemaLocation="https://maven.apache.org/surefire/maven-surefire-plugin/xsd/surefire-test-report-3.0.xsd" version="3.0" name="com.projectD.admin.controller.AuthControllerTest" time="0.109" tests="2" errors="0" skipped="0" failures="0">
  <properties>
[...]
</properties>
  <testcase name="loginPropagatesErrorFromAuthClient" classname="com.projectD.admin.controller.AuthControllerTest" time="0.086"/>
  <testcase name="loginReturnsTokenWhenCredentialsAreValid" classname="com.projectD.admin.controller.AuthControllerTest" time="0.02"/>
</testsuite>